<?xml version="1.0" encoding="UTF-8"?>
<!-- Generated by org.testng.reporters.JUnitReportReporter -->
<testsuite hostname="NAUS-NYC-2bWPIY" failures="0" tests="1" name="pom.TestGoogle" time="18.612" errors="0" timestamp="2025-10-25T18:23:20 EDT" skipped="0">
  <testcase classname="pom.TestGoogle" name="startRegistration" time="18.612"/>
</testsuite> <!-- pom.TestGoogle -->
