<?xml version="1.0" encoding="UTF-8"?>
<!-- Generated by org.testng.reporters.JUnitReportReporter -->
<testsuite hostname="NAUS-NYC-2bWPIY" failures="0" tests="3" name="testcases.TestCases" time="45.780" errors="0" timestamp="2025-10-25T20:08:20 EDT" skipped="0">
  <testcase classname="testcases.TestCases" name="startRegistration" time="23.086"/>
  <testcase classname="testcases.TestCases" name="login" time="12.075"/>
  <testcase classname="testcases.TestCases" name="loginSearch" time="10.619"/>
</testsuite> <!-- testcases.TestCases -->
