<?xml version="1.0" encoding="UTF-8"?>
<!-- Generated by org.testng.reporters.JUnitReportReporter -->
<testsuite hostname="NAUS-NYC-2bWPIY" failures="0" tests="2" name="testcases.TestCases" time="21.908" errors="0" timestamp="2025-10-28T13:30:29 EDT" skipped="0">
  <testcase classname="testcases.TestCases" name="login" time="8.652"/>
  <testcase classname="testcases.TestCases" name="loginSearch" time="13.256"/>
</testsuite> <!-- testcases.TestCases -->
