<?xml version="1.0" encoding="UTF-8"?>
<!-- Generated by org.testng.reporters.JUnitReportReporter -->
<testsuite hostname="NAUS-NYC-2bWPIY" failures="0" tests="1" name="pom.TestCases" time="11.131" errors="0" timestamp="2025-10-25T19:59:32 EDT" skipped="0">
  <testcase classname="pom.TestCases" name="loginSearch" time="11.131"/>
</testsuite> <!-- pom.TestCases -->
